Duplicate	glrx3|A0A8J1JSU0	glrx3|A0A8J1JSU0;;glrx3|Q28ID3
Duplicate	odf3|B7ZSX2	odf3|B7ZSX2;;odf3|Q5EB30
Duplicate	nol12|A0A8J1JFV9	nol12|A0A8J1JFV9;;nol12|Q640V3
Duplicate	adhfe1|A0A8J1JQ50	adhfe1|A0A8J1JQ50;;adhfe1|Q6P371
Duplicate	heatr5b|A0A8J1JJR9	heatr5b|A0A8J1JJR9;;heatr5b|A1A5F2
MultiName	TGas006m08.1|Q28DR4	TGas006m08.1|Q28DR4;;h4c3|B5DDY3
Duplicate	cep19|B7ZU71	cep19|A9UL78;;cep19|B7ZU71
Duplicate	drc7|A0A8J1JDV1	drc7|A0A8J1JDV1;;drc7|Q0V9S9
Duplicate	hnrnpdl|A0A8J1JA02	hnrnpdl|A0A8J1JA02;;hnrnpdl|Q640A2
Duplicate	eogt|A0A8J1JGF6	eogt|A0A8J1JGF6;;eogt|Q08CY9
Duplicate	pla2g4a|A0A8J1JCW2	pla2g4a|A0A8J1JCW2;;pla2g4a|B1WAZ6
Duplicate	rasgef1a|B1H1C9	rasgef1a|A0JM95;;rasgef1a|B1H1C9
Duplicate	dhcr7|A0A8J1JD60	dhcr7|A0A8J1JD60;;dhcr7|Q6P4M0
MultiName	c9h2orf76|A0A8J1IRR7	NA|A4IGN3;;c9h2orf76|A0A8J1IRR7
MultiName	slain2l|B2GTY8	NA|Q0VA20;;slain2l|B2GTY8
Duplicate	spc24|A0A8J1J6Z8	spc24|A0A8J1J6Z8;;spc24|Q6P8A1
MultiName	TNeu030m04.1|Q6P7L0	TNeu030m04.1|Q6P7L0;;c12orf57|A0A8J1JS94
Duplicate	abcb8|A0A8J1JPZ5	abcb8|A0A8J1JPZ5;;abcb8|B2GUP8
Duplicate	agr3|A0A8J1JMS1	agr3|A0A8J1JMS1;;agr3|Q6DJ58
MultiName	cdc42se2-A|Q28EW5	cdc42se2-A|Q28EW5;;cdc42se2l|A0A8J1JJ12
Duplicate	tnfaip1|A0A8J1J1W7	tnfaip1|A0A8J1J1W7;;tnfaip1|Q28DC9
Duplicate	dym|A0A8J1JKU9	dym|A0A8J1JKU9;;dym|Q28BM0
Duplicate	galnt11|A0A8J1JMR8	galnt11|A0A8J1JMR8;;galnt11|Q6DJR8
Duplicate	rasgef1b|B1H0X4	rasgef1b|B1H0X4;;rasgef1b|Q28EC1
Duplicate	sox9|A0A8J1IWP3	sox9|A0A8J1IWP3;;sox9|Q6F2E7
Duplicate	usp16|A0A8J0SC33	usp16|A0A8J0SC33;;usp16|Q0VA64
Duplicate	uvssa|A0A8J0SC74	uvssa|A0A8J0SC74;;uvssa|F7AEX0
Duplicate	atp6v1c1|A0A8J1JQ40	atp6v1c1|A0A8J1JQ40;;atp6v1c1|Q6P4Y9
MultiName	Mcrip1|A9JSQ8	Mcrip1|A9JSQ8;;mcrip1|A0A8J1IW44
Duplicate	pomgnt2|A0A8J1JMT6	pomgnt2|A0A8J1JMT6;;pomgnt2|Q5NDE6
MultiName	c19orf25|A0A8J1JGW5	TEgg108c21.1|Q28C26;;c19orf25|A0A8J1JGW5
Duplicate	timm10|A0A8J1J8X0	timm10|A0A8J1J8X0;;timm10|Q6P321
Duplicate	foxj2|A0A8J1JSF1	foxj2|A0A8J1JSF1;;foxj2|Q28EM1
Duplicate	ass1|A0A8J1ILB6	ass1|A0A8J1ILB6;;ass1|Q5M8Z6
Duplicate	nabp2|A0A8J1J513	nabp2|A0A8J1J513;;nabp2|Q66K94
Duplicate	lin54|A0A8J1JIK1	lin54|A0A8J1JIK1;;lin54|Q0IHV2
Duplicate	ift20|A0A8J1J1M3	ift20|A0A8J1J1M3;;ift20|Q66KL7
Duplicate	slc20a2|A0A8J1JDV6	slc20a2|A0A8J1JDV6;;slc20a2|Q28E01
Duplicate	ints13|A0A8J1J750	ints13|A0A8J1J750;;ints13|Q6DIK0
Duplicate	hapstr1|Q28HY5	hapstr1|A8WGV9;;hapstr1|Q28HY5
Duplicate	tlk2|A0A8J1IWR3	tlk2|A0A8J1IWR3;;tlk2|Q08CW1
Duplicate	duoxa1|A0A8J1JA83	duoxa1|A0A8J1JA83;;duoxa1|Q0P4G7
Duplicate	smim8|A0A8J1JI70	smim8|A0A8J1JI70;;smim8|Q28GF4
Duplicate	mreg|A0A8J1ISF6	mreg|A0A8J1ISF6;;mreg|Q0P4L7
Duplicate	chchd7|B5DDX9	chchd7|B5DDX9;;chchd7|Q28GG4
Duplicate	bod1|Q68FB1	bod1|A0A1B8XZD9;;bod1|Q68FB1
Duplicate	ficd|A0A8J1J2E7	ficd|A0A8J1J2E7;;ficd|B4F6I5
Duplicate	rtn1|A7MC64-2	rtn1|A7MC64-2;;rtn1|A8WGE1
MultiName	gdap2|A0A8J1J1R8	NA|Q5CZL1;;gdap2|A0A8J1J1R8
Duplicate	mus81|A0A8J1JDE7	mus81|A0A8J1JDE7;;mus81|Q640B4
MultiName	rps4x|A0A8J1IN17	rps4x|A0A8J1IN17;;rps4|Q6PBC4
Duplicate	blcap|A0A8J1IWE8	blcap|A0A8J1IWE8;;blcap|Q5M8I8
Duplicate	ndnf|A0A8J1JN71	ndnf|A0A8J1JN71;;ndnf|A4IIK7
MultiName	cml|Q66KL0	cml|Q66KL0;;nat8.4|A0A8J1J934
MultiName	slc5a8.1|A0A8J0QHQ0	slc5a8.1|A0A8J0QHQ0;;slc5a8|Q5BL81
Duplicate	dis3l2|A0A8J1JM38	dis3l2|A0A8J1JM38;;dis3l2|Q0V9R3
Duplicate	ccdc25|A0A8J1JHY4	ccdc25|A0A8J1JHY4;;ccdc25|Q6GLE1
Duplicate	dgat2|A0A8J1J1E6	dgat2|A0A8J1J1E6;;dgat2|Q6P342
Duplicate	cirbp|A0A8J1JFA0	cirbp|A0A8J1JFA0;;cirbp|Q28IQ9
Duplicate	cdip1|A0A8J1ISJ5	cdip1|A0A8J1ISJ5;;cdip1|Q5BJ83
MultiName	gja7|A0A1B8Y255	gja7|A0A1B8Y255;;gjc1|Q6NZH5
Duplicate	qtrt2|A0A8J1J1X2	qtrt2|A0A8J1J1X2;;qtrt2|Q28DX0
Duplicate	arl2bp|A0A8J1JG32	arl2bp|A0A8J1JG32;;arl2bp|Q5FW25
Duplicate	ccdc167|A0A8J1JHG7	ccdc167|A0A8J1JHG7;;ccdc167|A4QNG1
Duplicate	smarcal1|A0A8J1ISP2	smarcal1|A0A8J1ISP2;;smarcal1|Q0P4U8
Duplicate	pigm|A0A8J1JQ71	pigm|A0A8J1JQ71;;pigm|Q66IJ4
Duplicate	pes1|A0A8J1J9I4	pes1|A0A8J1J9I4;;pes1|Q6DEV3
Duplicate	cept1|B1H2K0	cept1|B1H2K0;;cept1|Q28H54
Duplicate	map6|A0A8J1J991	map6|A0A8J1J991;;map6|B0S4Q5
Duplicate	fam163b|A0A1B8Y0K4	fam163b|A0A1B8Y0K4;;fam163b|Q0VFM5
Duplicate	acy3|A0A8J1J5E3	acy3|A0A8J1J5E3;;acy3|Q5BJ91
Duplicate	chid1|A0A8J1JGW2	chid1|A0A8J1JGW2;;chid1|Q66IL0
Duplicate	coq6|A0A8J1INX0	coq6|A0A8J1INX0;;coq6|Q6DF46
MultiName	h3c13|A0A1B8XZW2	TGas081o10.1|Q28D37;;h3c13|A0A1B8XZW2
Duplicate	brox|A0A8J1JL11	brox|A0A8J1JL11;;brox|A4IIL4
Duplicate	ap2m1|A0A8J1JHW2	ap2m1|A0A8J1JHW2;;ap2m1|Q6P856
Duplicate	wdr91|A0A8J1JBA0	wdr91|A0A8J1JBA0;;wdr91|Q05B30
Duplicate	ephx3|A0A8J1J7S5	ephx3|A0A8J1J7S5;;ephx3|Q0IIS3
Duplicate	dcaf8|A0A8J1ILH7	dcaf8|A0A8J1ILH7;;dcaf8|Q28I90
MultiName	slc22a15.1|A0A8J1J4Y4	slc22a15.1|A0A8J1J4Y4;;slc22a15|Q6DFR1
Duplicate	mindy3|A0A8J1JMQ1	mindy3|A0A8J1JMQ1;;mindy3|Q6NX27
Duplicate	klhl22|A0A8J1JKF9	klhl22|A0A8J1JKF9;;klhl22|Q08CY1
Duplicate	lzts2|A0A8J1JSG8	lzts2|A0A8J1JSG8;;lzts2|Q6DIS8
Duplicate	tax1bp1|A0A8J1JMP7	tax1bp1|A0A8J1JMP7;;tax1bp1|Q6P3P1
Duplicate	kxd1|A0A8J1JYH8	kxd1|A0A8J1JYH8;;kxd1|Q0V9C8
Duplicate	bbs4|B7ZTA0	bbs4|B7ZTA0;;bbs4|Q28G25
Duplicate	mknk1|A0A8J1JGV2	mknk1|A0A8J1JGV2;;mknk1|Q66JF3
Duplicate	tfip11|A0A8J1JEY6	tfip11|A0A8J1JEY6;;tfip11|Q0IIX9
Duplicate	serpinb5|A0A8J1JRI8	serpinb5|A0A8J1JRI8;;serpinb5|Q5M8J5
Duplicate	tfb1m|B7ZTC1	tfb1m|B7ZTC1;;tfb1m|Q28HM1
Duplicate	nudt17|A0A8J1IMQ0	nudt17|A0A8J1IMQ0;;nudt17|Q5M8V2
Duplicate	rae1|A0A8J1IWR1	rae1|A0A8J1IWR1;;rae1|Q5FVA9
Duplicate	tbrg4|A0A8J1JRF7	tbrg4|A0A8J1JRF7;;tbrg4|Q6DJ55
Duplicate	armt1|A0A8J1J9H1	armt1|A0A8J1J9H1;;armt1|Q6DJA3
Duplicate	fam172a|A0A8J1J7F7	fam172a|A0A8J1J7F7;;fam172a|Q6DIP8
Duplicate	spsb3|Q28DT9	spsb3|B1H148;;spsb3|Q28DT9
Duplicate	trip12|A0A8J1JHQ5	trip12|A0A8J1JHQ5;;trip12|B4F6W9
Duplicate	slc2a10|A0A8J1IZ75	slc2a10|A0A8J1IZ75;;slc2a10|Q0P4G6
Duplicate	cyb5r4|A0A8J1JKN3	cyb5r4|A0A8J1JKN3;;cyb5r4|Q28CZ9
Duplicate	ing3|A0A8J1J762	ing3|A0A8J1J762;;ing3|Q66KD5
Duplicate	gpr161|A0A8J1J4L7	gpr161|A0A8J1J4L7;;gpr161|B3DM66
Duplicate	foxo1|A0A8J1J1N2	foxo1|A0A8J1J1N2;;foxo1|Q66JJ0
Duplicate	jagn1|A0A8J1JD71	jagn1|A0A8J1JD71;;jagn1|Q6NVQ1
Duplicate	slc39a11|A0A8J1IYY2	slc39a11|A0A8J1IYY2;;slc39a11|Q28J44
Duplicate	cnot7|A0A8J1JLN1	cnot7|A0A8J1JLN1;;cnot7|A4II96
Duplicate	echdc1|A0A8J1JI46	echdc1|A0A8J1JI46;;echdc1|Q28C91
Duplicate	hvcn1|A0A8J1JB22	hvcn1|A0A8J1JB22;;hvcn1|Q5M8L8
Duplicate	lyrm9|A0A8J1J178	lyrm9|A0A8J1J178;;lyrm9|B4F6X2
Duplicate	ube3b|A0A8J1JK47	ube3b|A0A8J1JK47;;ube3b|Q08CZ0
Duplicate	eif2s1|A0A8J1IL56	eif2s1|A0A8J1IL56;;eif2s1|Q6GL89
Duplicate	melk|A0A8J1JFE7	melk|A0A8J1JFE7;;melk|Q28GW8
Duplicate	med25|A0A8J1JU98	med25|A0A8J1JU98;;med25|A4IHD9
Duplicate	lrrc40|A0A8J1JDF2	lrrc40|A0A8J1JDF2;;lrrc40|Q5M8G4
Duplicate	fam83h|A0A8J1JRZ0	fam83h|A0A8J1JRZ0;;fam83h|A9JRM0
Duplicate	plppr1|A0A8J1JHX1	plppr1|A0A8J1JHX1;;plppr1|A4II83
Duplicate	tmem147|A0A8J1JSH3	tmem147|A0A8J1JSH3;;tmem147|Q28FY5
Duplicate	eif3c|A0A8J1IS51	eif3c|A0A8J1IS51;;eif3c|Q6P1V4
Duplicate	cmc2|A0A8J1JDS8	cmc2|A0A8J1JDS8;;cmc2|Q28BU7
Duplicate	llph|A0A8J1J715	llph|A0A8J1J715;;llph|Q6NVR5
Duplicate	tmem19|A0A8J1J9T4	tmem19|A0A8J1J9T4;;tmem19|Q0P4L9
Duplicate	ydjc|A0A8J1J6U1	ydjc|A0A8J1J6U1;;ydjc|Q6DJC2
Duplicate	fmr1|A0A8J0SSP7	fmr1|A0A8J0SSP7;;fmr1|Q6GLC9-2
Duplicate	mcmbp|Q28DV7-2	mcmbp|A0A8J1JV18;;mcmbp|Q28DV7-2
#total seq: 37774
#total nr seq: 37651
#unique seq: 37528, redundant seq:123
