+++	LOC100145328	GeneID:100145328	XB-GENE-29072477	NameIsNotAvailable
---	LOC100145328	GeneID:100145328	NA	NameIsNotAvailable
+++	LOC100337650	GeneID:100337650	XB-GENE-5907612	zinc finger protein
---	LOC100337650	GeneID:100337650	NA	zinc finger protein
+++	LOC100485711	GeneID:100485711	XB-GENE-479064	NameIsNotAvailable
---	LOC100485711	GeneID:100485711	NA	NameIsNotAvailable
+++	LOC100488368	GeneID:100488368	XB-GENE-22066209	protein NDNF
---	LOC100488368	GeneID:100488368	NA	protein NDNF
+++	LOC100495868	GeneID:100495868	XB-GENE-29072522	major histocompatibility complex class I-related gene protein
---	LOC100495868	GeneID:100495868	NA	major histocompatibility complex class I-related gene protein
+++	LOC100496402	GeneID:100496402	XB-GENE-5966788	E3 ubiquitin-protein ligase RNF213
---	LOC100496402	GeneID:100496402	NA	E3 ubiquitin-protein ligase RNF213
+++	LOC100498621	GeneID:100498621	XB-GENE-29072485	NameIsNotAvailable
---	LOC100498621	GeneID:100498621	NA	NameIsNotAvailable
+++	LOC101731218	GeneID:101731218	XB-GENE-22249066	uncharacterized LOC101731218
---	LOC101731218	GeneID:101731218	NA	uncharacterized LOC101731218
+++	LOC101731854	GeneID:101731854	XB-GENE-17329847	endonuclease domain-containing 1 protein
---	LOC101731854	GeneID:101731854	NA	endonuclease domain-containing 1 protein
+++	LOC101734051	GeneID:101734051	XB-GENE-1011234	NameIsNotAvailable
---	LOC101734051	GeneID:101734051	NA	NameIsNotAvailable
+++	LOC101735301	GeneID:101735301	XB-GENE-29072481	NameIsNotAvailable
---	LOC101735301	GeneID:101735301	NA	NameIsNotAvailable
+++	LOC105945457	GeneID:105945457	XB-GENE-1006649	N-acylethanolamine-hydrolyzing acid amidase-like
---	LOC105945457	GeneID:105945457	NA	N-acylethanolamine-hydrolyzing acid amidase-like
+++	LOC116406454	GeneID:116406454	XB-GENE-992869	purine rich element binding protein G
---	LOC116406454	GeneID:116406454	NA	purine rich element binding protein G
+++	LOC116407839	GeneID:116407839	XB-GENE-23659518	collagen alpha-1(XIII) chain-like
---	LOC116407839	GeneID:116407839	NA	collagen alpha-1(XIII) chain-like
+++	LOC116407977	GeneID:116407977	XB-GENE-29072462	NameIsNotAvailable
---	LOC116407977	GeneID:116407977	NA	NameIsNotAvailable
+++	LOC116408073	GeneID:116408073	XB-GENE-25874652	lipopolysaccharide-binding protein-like
---	LOC116408073	GeneID:116408073	NA	lipopolysaccharide-binding protein-like
+++	LOC116410455	GeneID:116410455	XB-GENE-22068109	uncharacterized LOC116410455
---	LOC116410455	GeneID:116410455	NA	uncharacterized LOC116410455
+++	LOC116411739	GeneID:116411739	XB-GENE-877070	transmembrane channel like 2
---	LOC116411739	GeneID:116411739	NA	transmembrane channel like 2
+++	LOC116412453	GeneID:116412453	XB-GENE-29072489	NameIsNotAvailable
---	LOC116412453	GeneID:116412453	NA	NameIsNotAvailable
+++	MGC146893	GeneID:779697	XB-GENE-5846793	uncharacterized protein MGC146893
---	MGC146893	GeneID:779697	NA	uncharacterized protein MGC146893
+++	ankrd26	GeneID:100379673	XB-GENE-940846	ankyrin repeat domain 26
---	ankrd26	GeneID:100379673	XB-GENE-6044145	ankyrin repeat domain 26
+++	asip	GeneID:116408065	XB-GENE-490064	agouti signaling protein
---	asip	GeneID:116408065	NA	agouti signaling protein
+++	b3galt2	GeneID:100487440	XB-GENE-5795334	NameIsNotAvailable
---	b3galt2	GeneID:100487440	XB-GENE-22172614	NameIsNotAvailable
+++	c1h12orf43	GeneID:105948285	XB-GENE-5925282	NameIsNotAvailable
---	c1h12orf43	GeneID:105948285	NA	NameIsNotAvailable
+++	c2h13orf42	GeneID:116408708	XB-GENE-6032783	NameIsNotAvailable
---	c2h13orf42	GeneID:116408708	NA	NameIsNotAvailable
+++	c4h1orf146	GeneID:101733338	XB-GENE-6043629	NameIsNotAvailable
---	c4h1orf146	GeneID:101733338	NA	NameIsNotAvailable
+++	c4h3orf14	GeneID:101732318	XB-GENE-1006443	centrosomal protein 15
---	c4h3orf14	GeneID:101732318	NA	centrosomal protein 15
+++	c5h3orf33	GeneID:100496931	XB-GENE-983062	NameIsNotAvailable
---	c5h3orf33	GeneID:100496931	NA	NameIsNotAvailable
+++	c7h10orf88	GeneID:100485494	XB-GENE-877272	NameIsNotAvailable
---	c7h10orf88	GeneID:100485494	NA	NameIsNotAvailable
+++	car1	GeneID:780246	XB-GENE-957159	carbonic anhydrase I
---	car1	GeneID:780246	NA	carbonic anhydrase I
+++	ccdc14	GeneID:100491976	XB-GENE-5721682	coiled-coil domain containing 14
---	ccdc14	GeneID:100491976	XB-GENE-6449725	coiled-coil domain containing 14
+++	cecr5	GeneID:496502	XB-GENE-854825	cat eye syndrome chromosome region, candidate 5 homolog (human)
---	cecr5	GeneID:496502	NA	cat eye syndrome chromosome region, candidate 5 homolog (human)
+++	cel.1	GeneID:100144991	XB-GENE-1217488	carboxyl ester lipase, gene 1
---	cel.1	GeneID:100144991	XB-GENE-22172575	carboxyl ester lipase, gene 1
+++	ces5a	GeneID:394897	XB-GENE-6467132	carboxylesterase 5A
---	ces5a	GeneID:394897	NA	carboxylesterase 5A
+++	chl1	GeneID:101735183	XB-GENE-969934	NameIsNotAvailable
---	chl1	GeneID:101735183	NA	NameIsNotAvailable
+++	clip4	GeneID:100495216	XB-GENE-922410	CAP-Gly domain containing linker protein family member 4
---	clip4	GeneID:100495216	XB-GENE-922411	CAP-Gly domain containing linker protein family member 4
+++	commd7	GeneID:116412615	XB-GENE-6257432	NameIsNotAvailable
---	commd7	GeneID:116412615	NA	NameIsNotAvailable
+++	cspg4	GeneID:116409763	XB-GENE-5893459	chondroitin sulfate proteoglycan 4
---	cspg4	GeneID:116409763	NA	chondroitin sulfate proteoglycan 4
+++	ela3b	GeneID:496902	XB-GENE-5886492	elastase 3B, pancreatic
---	ela3b	GeneID:496902	NA	elastase 3B, pancreatic
+++	fancb	GeneID:100497907	XB-GENE-6453898	FA complementation group B
---	fancb	GeneID:100497907	NA	FA complementation group B
+++	fbxl17	GeneID:779844	XB-GENE-5730141	F-box and leucine-rich repeat protein 17
---	fbxl17	GeneID:779844	XB-GENE-986824	F-box and leucine-rich repeat protein 17
+++	gabrb2	GeneID:100125027	XB-GENE-5791411	gamma-aminobutyric acid type A receptor beta2 subunit
---	gabrb2	GeneID:100125027	XB-GENE-22068478	gamma-aminobutyric acid type A receptor beta2 subunit
+++	gba	GeneID:116406674	XB-GENE-6457545	NameIsNotAvailable
---	gba	GeneID:116406674	NA	NameIsNotAvailable
+++	gbp2	GeneID:779720	XB-GENE-5828806	guanylate binding protein 2, interferon-inducible
---	gbp2	GeneID:779720	NA	guanylate binding protein 2, interferon-inducible
+++	guca1b	GeneID:100489509	XB-GENE-5838913	guanylate cyclase activator 1B
---	guca1b	GeneID:100489509	XB-GENE-22172599	guanylate cyclase activator 1B
+++	kcnh2	GeneID:100491983	XB-GENE-990943	potassium channel, voltage gated eag related subfamily H, member 2
---	kcnh2	GeneID:100491983	XB-GENE-983104	potassium channel, voltage gated eag related subfamily H, member 2
+++	kcnh6	GeneID:100485121	XB-GENE-983104	potassium channel, voltage gated eag related subfamily H, member 6
---	kcnh6	GeneID:100485121	XB-GENE-990943	potassium channel, voltage gated eag related subfamily H, member 6
+++	ltb4dh	GeneID:493462	XB-GENE-5789487	ltb4dh protein
---	ltb4dh	GeneID:493462	NA	ltb4dh protein
+++	med1	GeneID:100036710	XB-GENE-489214	NameIsNotAvailable
---	med1	GeneID:100036710	NA	NameIsNotAvailable
+++	micalcl	GeneID:101733176	XB-GENE-959788	NameIsNotAvailable
---	micalcl	GeneID:101733176	NA	NameIsNotAvailable
+++	mt-atp6	GeneID:3283497	XB-GENE-17346957	ATP synthase F0 subunit 6
---	mt-atp6	GeneID:3283497	NA	ATP synthase F0 subunit 6
+++	myo15a	GeneID:100488159	XB-GENE-492608	myosin XVA
---	myo15a	GeneID:100488159	XB-GENE-492609	myosin XVA
+++	palm2	GeneID:100533180	XB-GENE-6039054	PALM2 and AKAP2 fusion
---	palm2	GeneID:100533180	XB-GENE-961312	PALM2 and AKAP2 fusion
+++	polr1g	GeneID:100485875	XB-GENE-919748	RNA polymerase I subunit G
---	polr1g	GeneID:100485875	NA	RNA polymerase I subunit G
+++	ptpn11	GeneID:549586	XB-GENE-22063675	NameIsNotAvailable
---	ptpn11	GeneID:549586	NA	NameIsNotAvailable
+++	rab41	GeneID:100124772	XB-GENE-6454161	RAB41, member RAS oncogene family
---	rab41	GeneID:100124772	NA	RAB41, member RAS oncogene family
+++	rarg	GeneID:100485387	XB-GENE-484126	retinoic acid receptor gamma
---	rarg	GeneID:100485387	XB-GENE-484127	retinoic acid receptor gamma
+++	rasgrp4	GeneID:100496432	XB-GENE-494329	RAS guanyl releasing protein 4
---	rasgrp4	GeneID:100496432	XB-GENE-494330	RAS guanyl releasing protein 4
+++	sept2-a	GeneID:549793	XB-GENE-480200	septin-2A
---	sept2-a	GeneID:549793	NA	septin-2A
+++	smc6	GeneID:100495796	XB-GENE-6071283	structural maintenance of chromosomes 6
---	smc6	GeneID:100495796	NA	structural maintenance of chromosomes 6
+++	spx	GeneID:116409663	XB-GENE-492932	spexin hormone
---	spx	GeneID:116409663	NA	spexin hormone
+++	susd4	GeneID:779812	XB-GENE-480678	sushi domain containing 4
---	susd4	GeneID:779812	XB-GENE-994827	sushi domain containing 4
+++	t2r7	GeneID:100335060	XB-GENE-6464261	bitter taste receptor 7
---	t2r7	GeneID:100335060	NA	bitter taste receptor 7
+++	tmem86a	GeneID:100145092	XB-GENE-1007200	transmembrane protein 86B
---	tmem86a	GeneID:100145092	XB-GENE-29072296	transmembrane protein 86B
+++	ttf2	GeneID:100486072	XB-GENE-478543	NameIsNotAvailable
---	ttf2	GeneID:100486072	NA	NameIsNotAvailable
