MultiName	c2orf76|A0A8J1IRR7 type=main;tr	NA|A4IGN3 type=main;sp;;c2orf76|A0A8J1IRR7 type=main;tr
MultiName	slain2l|B2GTY8 type=main;tr	NA|Q0VA20 type=main;sp;;slain2l|B2GTY8 type=main;tr
Duplicate	odf3|Q5EB30 type=main;sp	odf3|B7ZSX2 type=main;tr;;odf3|Q5EB30 type=main;sp
Duplicate	hnrnpdl|Q640A2 type=main;sp	hnrnpdl|A0A8J1JA02 type=additional;tr;;hnrnpdl|Q640A2 type=main;sp
Duplicate	drc7|Q0V9S9 type=main;sp	drc7|A0A8J1JDV1 type=additional;tr;;drc7|Q0V9S9 type=main;sp
Duplicate	pla2g4a|B1WAZ6 type=main;sp	pla2g4a|A0A8J1JCW2 type=additional;tr;;pla2g4a|B1WAZ6 type=main;sp
Duplicate	heatr5b|A1A5F2 type=main;sp	heatr5b|A0A8J1JJR9 type=additional;tr;;heatr5b|A1A5F2 type=main;sp
MultiName	h4c3|B5DDY3 type=main;tr	TGas006m08.1|Q28DR4 type=main;sp;;h4c3|B5DDY3 type=main;tr
Duplicate	glrx3|Q28ID3 type=main;sp	glrx3|A0A8J1JSU0 type=additional;tr;;glrx3|Q28ID3 type=main;sp
Duplicate	rasgef1a|A0JM95 type=main;sp	rasgef1a|A0JM95 type=main;sp;;rasgef1a|B1H1C9 type=additional;tr
Duplicate	adhfe1|Q6P371 type=main;sp	adhfe1|A0A8J1JQ50 type=additional;tr;;adhfe1|Q6P371 type=main;sp
Duplicate	eogt|Q08CY9 type=main;sp	eogt|A0A8J1JGF6 type=additional;tr;;eogt|Q08CY9 type=main;sp
Duplicate	cep19|B7ZU71 type=main;tr	cep19|A9UL78 type=main;sp;;cep19|B7ZU71 type=main;tr
Duplicate	dhcr7|Q6P4M0 type=main;sp	dhcr7|A0A8J1JD60 type=additional;tr;;dhcr7|Q6P4M0 type=main;sp
Duplicate	nol12|Q640V3 type=main;sp	nol12|A0A8J1JFV9 type=additional;tr;;nol12|Q640V3 type=main;sp
Duplicate	sox9|Q6F2E7 type=main;sp	sox9|A0A8J1IWP3 type=additional;tr;;sox9|Q6F2E7 type=main;sp
Duplicate	galnt11|Q6DJR8 type=main;sp	galnt11|A0A8J1JMR8 type=additional;tr;;galnt11|Q6DJR8 type=main;sp
Duplicate	atp6v1c1|Q6P4Y9 type=main;sp	atp6v1c1|A0A8J1JQ40 type=additional;tr;;atp6v1c1|Q6P4Y9 type=main;sp
Duplicate	spc24|Q6P8A1 type=main;sp	spc24|A0A8J1J6Z8 type=additional;tr;;spc24|Q6P8A1 type=main;sp
MultiName	c19orf25|A0A8J1JGW5 type=main;tr	TEgg108c21.1|Q28C26 type=main;sp;;c19orf25|A0A8J1JGW5 type=main;tr
MultiName	c12orf57|A0A8J1JS94 type=main;tr	TNeu030m04.1|Q6P7L0 type=main;sp;;c12orf57|A0A8J1JS94 type=main;tr
Duplicate	timm10|Q6P321 type=main;sp	timm10|A0A8J1J8X0 type=additional;tr;;timm10|Q6P321 type=main;sp
Duplicate	dym|Q28BM0 type=main;sp	dym|A0A8J1JKU9 type=additional;tr;;dym|Q28BM0 type=main;sp
Duplicate	tnfaip1|Q28DC9 type=main;sp	tnfaip1|A0A8J1J1W7 type=additional;tr;;tnfaip1|Q28DC9 type=main;sp
Duplicate	agr3|Q6DJ58 type=main;sp	agr3|A0A8J1JMS1 type=additional;tr;;agr3|Q6DJ58 type=main;sp
MultiName	mcrip1|A0A8J1IW44 type=main;tr	Mcrip1|A9JSQ8 type=main;sp;;mcrip1|A0A8J1IW44 type=main;tr
MultiName	cdc42se2-A|Q28EW5 type=main;sp	LOC594909|A0A8J1JJ12 type=main;tr;;cdc42se2-A|Q28EW5 type=main;sp
Duplicate	uvssa|F7AEX0 type=main;sp	uvssa|A0A8J0SC74 type=additional;tr;;uvssa|F7AEX0 type=main;sp
Duplicate	pomgnt2|Q5NDE6 type=main;sp	pomgnt2|A0A8J1JMT6 type=additional;tr;;pomgnt2|Q5NDE6 type=main;sp
Duplicate	rasgef1b|Q28EC1 type=main;sp	rasgef1b|B1H0X4 type=additional;tr;;rasgef1b|Q28EC1 type=main;sp
Duplicate	abcb8|B2GUP8 type=main;sp	abcb8|A0A8J1JPZ5 type=additional;tr;;abcb8|B2GUP8 type=main;sp
Duplicate	usp16|Q0VA64 type=main;sp	usp16|A0A8J0SC33 type=additional;tr;;usp16|Q0VA64 type=main;sp
Duplicate	chchd7|Q28GG4 type=main;sp	chchd7|B5DDX9 type=main;tr;;chchd7|Q28GG4 type=main;sp
MultiName	gdap2|A0A8J1J1R8 type=main;tr	NA|Q5CZL1 type=main;sp;;gdap2|A0A8J1J1R8 type=main;tr
Duplicate	rtn1|A8WGE1 type=main;tr	rtn1|A7MC64-2 type=additional;sp;;rtn1|A8WGE1 type=main;tr
Duplicate	foxj2|Q28EM1 type=main;sp	foxj2|A0A8J1JSF1 type=additional;tr;;foxj2|Q28EM1 type=main;sp
Duplicate	ift20|Q66KL7 type=main;sp	ift20|A0A8J1J1M3 type=additional;tr;;ift20|Q66KL7 type=main;sp
Duplicate	tlk2|Q08CW1 type=main;sp	tlk2|A0A8J1IWR3 type=additional;tr;;tlk2|Q08CW1 type=main;sp
Duplicate	duoxa1|Q0P4G7 type=main;sp	duoxa1|A0A8J1JA83 type=additional;tr;;duoxa1|Q0P4G7 type=main;sp
Duplicate	slc20a2|Q28E01 type=main;sp	slc20a2|A0A8J1JDV6 type=additional;tr;;slc20a2|Q28E01 type=main;sp
Duplicate	bod1|Q68FB1 type=main;sp	bod1|A0A1B8XZD9 type=main;tr;;bod1|Q68FB1 type=main;sp
Duplicate	smim8|Q28GF4 type=main;sp	smim8|A0A8J1JI70 type=additional;tr;;smim8|Q28GF4 type=main;sp
Duplicate	ass1|Q5M8Z6 type=main;sp	ass1|A0A8J1ILB6 type=additional;tr;;ass1|Q5M8Z6 type=main;sp
Duplicate	ints13|Q6DIK0 type=main;sp	ints13|A0A8J1J750 type=additional;tr;;ints13|Q6DIK0 type=main;sp
Duplicate	mreg|Q0P4L7 type=main;sp	mreg|A0A8J1ISF6 type=additional;tr;;mreg|Q0P4L7 type=main;sp
Duplicate	hapstr1|Q28HY5 type=main;sp	hapstr1|A8WGV9 type=main;tr;;hapstr1|Q28HY5 type=main;sp
Duplicate	ficd|B4F6I5 type=main;sp	ficd|A0A8J1J2E7 type=additional;tr;;ficd|B4F6I5 type=main;sp
Duplicate	nabp2|Q66K94 type=main;sp	nabp2|A0A8J1J513 type=additional;tr;;nabp2|Q66K94 type=main;sp
Duplicate	lin54|Q0IHV2 type=main;sp	lin54|A0A8J1JIK1 type=additional;tr;;lin54|Q0IHV2 type=main;sp
Duplicate	ccdc167|A4QNG1 type=main;sp	ccdc167|A0A8J1JHG7 type=additional;tr;;ccdc167|A4QNG1 type=main;sp
MultiName	nat8.4|A0A8J1J934 type=main;tr	cml|Q66KL0 type=main;sp;;nat8.4|A0A8J1J934 type=main;tr
Duplicate	dis3l2|Q0V9R3 type=main;sp	dis3l2|A0A8J1JM38 type=additional;tr;;dis3l2|Q0V9R3 type=main;sp
MultiName	rps4|Q6PBC4 type=main;sp	rps4x|A0A8J1IN17 type=main;tr;;rps4|Q6PBC4 type=main;sp
MultiName	slc5a8|Q5BL81 type=main;sp	slc5a8.1|A0A8J0QHQ0 type=main;tr;;slc5a8|Q5BL81 type=main;sp
Duplicate	blcap|Q5M8I8 type=main;sp	blcap|A0A8J1IWE8 type=additional;tr;;blcap|Q5M8I8 type=main;sp
Duplicate	mus81|Q640B4 type=main;sp	mus81|A0A8J1JDE7 type=additional;tr;;mus81|Q640B4 type=main;sp
Duplicate	arl2bp|Q5FW25 type=main;sp	arl2bp|A0A8J1JG32 type=additional;tr;;arl2bp|Q5FW25 type=main;sp
MultiName	gjc1|Q6NZH5 type=main;sp	gja7|A0A1B8Y255 type=main;tr;;gjc1|Q6NZH5 type=main;sp
Duplicate	dgat2|Q6P342 type=main;sp	dgat2|A0A8J1J1E6 type=additional;tr;;dgat2|Q6P342 type=main;sp
Duplicate	cdip1|Q5BJ83 type=main;sp	cdip1|A0A8J1ISJ5 type=additional;tr;;cdip1|Q5BJ83 type=main;sp
Duplicate	ccdc25|Q6GLE1 type=main;sp	ccdc25|A0A8J1JHY4 type=additional;tr;;ccdc25|Q6GLE1 type=main;sp
Duplicate	cirbp|Q28IQ9 type=main;sp	cirbp|A0A8J1JFA0 type=additional;tr;;cirbp|Q28IQ9 type=main;sp
Duplicate	ndnf|A4IIK7 type=main;sp	ndnf|A0A8J1JN71 type=additional;tr;;ndnf|A4IIK7 type=main;sp
Duplicate	qtrt2|Q28DX0 type=main;sp	qtrt2|A0A8J1J1X2 type=additional;tr;;qtrt2|Q28DX0 type=main;sp
MultiName	h3c13|A0A1B8XZW2 type=main;tr	TGas081o10.1|Q28D37 type=main;sp;;h3c13|A0A1B8XZW2 type=main;tr
Duplicate	coq6|Q6DF46 type=main;sp	coq6|A0A8J1INX0 type=additional;tr;;coq6|Q6DF46 type=main;sp
MultiName	slc22a15|Q6DFR1 type=main;sp	slc22a15.1|A0A8J1J4Y4 type=additional;tr;;slc22a15|Q6DFR1 type=main;sp
Duplicate	mindy3|Q6NX27 type=main;sp	mindy3|A0A8J1JMQ1 type=additional;tr;;mindy3|Q6NX27 type=main;sp
Duplicate	fam163b|Q0VFM5 type=main;sp	fam163b|A0A1B8Y0K4 type=main;tr;;fam163b|Q0VFM5 type=main;sp
Duplicate	map6|B0S4Q5 type=main;sp	map6|A0A8J1J991 type=additional;tr;;map6|B0S4Q5 type=main;sp
Duplicate	wdr91|Q05B30 type=main;sp	wdr91|A0A8J1JBA0 type=additional;tr;;wdr91|Q05B30 type=main;sp
Duplicate	ephx3|Q0IIS3 type=main;sp	ephx3|A0A8J1J7S5 type=additional;tr;;ephx3|Q0IIS3 type=main;sp
Duplicate	dcaf8|Q28I90 type=main;sp	dcaf8|A0A8J1ILH7 type=additional;tr;;dcaf8|Q28I90 type=main;sp
Duplicate	brox|A4IIL4 type=main;sp	brox|A0A8J1JL11 type=additional;tr;;brox|A4IIL4 type=main;sp
Duplicate	pes1|Q6DEV3 type=main;sp	pes1|A0A8J1J9I4 type=additional;tr;;pes1|Q6DEV3 type=main;sp
Duplicate	chid1|Q66IL0 type=main;sp	chid1|A0A8J1JGW2 type=additional;tr;;chid1|Q66IL0 type=main;sp
Duplicate	cept1|Q28H54 type=main;sp	cept1|B1H2K0 type=additional;tr;;cept1|Q28H54 type=main;sp
Duplicate	smarcal1|Q0P4U8 type=main;sp	smarcal1|A0A8J1ISP2 type=additional;tr;;smarcal1|Q0P4U8 type=main;sp
Duplicate	acy3|Q5BJ91 type=main;sp	acy3|A0A8J1J5E3 type=additional;tr;;acy3|Q5BJ91 type=main;sp
Duplicate	tax1bp1|Q6P3P1 type=main;sp	tax1bp1|A0A8J1JMP7 type=additional;tr;;tax1bp1|Q6P3P1 type=main;sp
Duplicate	klhl22|Q08CY1 type=main;sp	klhl22|A0A8J1JKF9 type=additional;tr;;klhl22|Q08CY1 type=main;sp
Duplicate	lzts2|Q6DIS8 type=main;sp	lzts2|A0A8J1JSG8 type=additional;tr;;lzts2|Q6DIS8 type=main;sp
Duplicate	nudt17|Q5M8V2 type=main;sp	nudt17|A0A8J1IMQ0 type=additional;tr;;nudt17|Q5M8V2 type=main;sp
Duplicate	pigm|Q66IJ4 type=main;sp	pigm|A0A8J1JQ71 type=additional;tr;;pigm|Q66IJ4 type=main;sp
Duplicate	ap2m1|Q6P856 type=main;sp	ap2m1|A0A8J1JHW2 type=additional;tr;;ap2m1|Q6P856 type=main;sp
Duplicate	mknk1|Q66JF3 type=main;sp	mknk1|A0A8J1JGV2 type=additional;tr;;mknk1|Q66JF3 type=main;sp
Duplicate	tfb1m|Q28HM1 type=main;sp	tfb1m|B7ZTC1 type=main;tr;;tfb1m|Q28HM1 type=main;sp
Duplicate	fam172a|Q6DIP8 type=main;sp	fam172a|A0A8J1J7F7 type=additional;tr;;fam172a|Q6DIP8 type=main;sp
Duplicate	armt1|Q6DJA3 type=main;sp	armt1|A0A8J1J9H1 type=additional;tr;;armt1|Q6DJA3 type=main;sp
Duplicate	bbs4|Q28G25 type=main;sp	bbs4|B7ZTA0 type=additional;tr;;bbs4|Q28G25 type=main;sp
Duplicate	serpinb5|Q5M8J5 type=main;sp	serpinb5|A0A8J1JRI8 type=additional;tr;;serpinb5|Q5M8J5 type=main;sp
Duplicate	rae1|Q5FVA9 type=main;sp	rae1|A0A8J1IWR1 type=additional;tr;;rae1|Q5FVA9 type=main;sp
Duplicate	tbrg4|Q6DJ55 type=main;sp	tbrg4|A0A8J1JRF7 type=additional;tr;;tbrg4|Q6DJ55 type=main;sp
Duplicate	spsb3|Q28DT9 type=main;sp	spsb3|B1H148 type=main;tr;;spsb3|Q28DT9 type=main;sp
Duplicate	kxd1|Q0V9C8 type=main;sp	kxd1|A0A8J1JYH8 type=additional;tr;;kxd1|Q0V9C8 type=main;sp
Duplicate	tfip11|Q0IIX9 type=main;sp	tfip11|A0A8J1JEY6 type=additional;tr;;tfip11|Q0IIX9 type=main;sp
Duplicate	foxo1|Q66JJ0 type=main;sp	foxo1|A0A8J1J1N2 type=additional;tr;;foxo1|Q66JJ0 type=main;sp
Duplicate	slc39a11|Q28J44 type=main;sp	slc39a11|A0A8J1IYY2 type=additional;tr;;slc39a11|Q28J44 type=main;sp
Duplicate	slc2a10|Q0P4G6 type=main;sp	slc2a10|A0A8J1IZ75 type=additional;tr;;slc2a10|Q0P4G6 type=main;sp
Duplicate	cnot7|A4II96 type=main;sp	cnot7|A0A8J1JLN1 type=additional;tr;;cnot7|A4II96 type=main;sp
Duplicate	gpr161|B3DM66 type=main;sp	gpr161|A0A8J1J4L7 type=additional;tr;;gpr161|B3DM66 type=main;sp
Duplicate	eif2s1|Q6GL89 type=main;sp	eif2s1|A0A8J1IL56 type=additional;tr;;eif2s1|Q6GL89 type=main;sp
Duplicate	ube3b|Q08CZ0 type=main;sp	ube3b|A0A8J1JK47 type=additional;tr;;ube3b|Q08CZ0 type=main;sp
Duplicate	echdc1|Q28C91 type=main;sp	echdc1|A0A8J1JI46 type=additional;tr;;echdc1|Q28C91 type=main;sp
Duplicate	jagn1|Q6NVQ1 type=main;sp	jagn1|A0A8J1JD71 type=additional;tr;;jagn1|Q6NVQ1 type=main;sp
Duplicate	ing3|Q66KD5 type=main;sp	ing3|A0A8J1J762 type=additional;tr;;ing3|Q66KD5 type=main;sp
Duplicate	hvcn1|Q5M8L8 type=main;sp	hvcn1|A0A8J1JB22 type=additional;tr;;hvcn1|Q5M8L8 type=main;sp
Duplicate	lyrm9|B4F6X2 type=main;sp	lyrm9|A0A8J1J178 type=additional;tr;;lyrm9|B4F6X2 type=main;sp
Duplicate	cyb5r4|Q28CZ9 type=main;sp	cyb5r4|A0A8J1JKN3 type=additional;tr;;cyb5r4|Q28CZ9 type=main;sp
Duplicate	trip12|B4F6W9 type=main;sp	trip12|A0A8J1JHQ5 type=additional;tr;;trip12|B4F6W9 type=main;sp
Duplicate	med25|A4IHD9 type=main;sp	med25|A0A8J1JU98 type=additional;tr;;med25|A4IHD9 type=main;sp
Duplicate	ydjc|Q6DJC2 type=main;sp	ydjc|A0A8J1J6U1 type=additional;tr;;ydjc|Q6DJC2 type=main;sp
Duplicate	llph|Q6NVR5 type=main;sp	llph|A0A8J1J715 type=additional;tr;;llph|Q6NVR5 type=main;sp
Duplicate	lrrc40|Q5M8G4 type=main;sp	lrrc40|A0A8J1JDF2 type=additional;tr;;lrrc40|Q5M8G4 type=main;sp
Duplicate	plppr1|A4II83 type=main;sp	plppr1|A0A8J1JHX1 type=additional;tr;;plppr1|A4II83 type=main;sp
Duplicate	fam83h|A9JRM0 type=main;sp	fam83h|A0A8J1JRZ0 type=additional;tr;;fam83h|A9JRM0 type=main;sp
Duplicate	cmc2|Q28BU7 type=main;sp	cmc2|A0A8J1JDS8 type=additional;tr;;cmc2|Q28BU7 type=main;sp
Duplicate	tmem147|Q28FY5 type=main;sp	tmem147|A0A8J1JSH3 type=additional;tr;;tmem147|Q28FY5 type=main;sp
Duplicate	tmem19|Q0P4L9 type=main;sp	tmem19|A0A8J1J9T4 type=additional;tr;;tmem19|Q0P4L9 type=main;sp
Duplicate	melk|Q28GW8 type=main;sp	melk|A0A8J1JFE7 type=additional;tr;;melk|Q28GW8 type=main;sp
Duplicate	eif3c|Q6P1V4 type=main;sp	eif3c|A0A8J1IS51 type=additional;tr;;eif3c|Q6P1V4 type=main;sp
Duplicate	fmr1|A0A8J0SSP7 type=additional;tr	fmr1|A0A8J0SSP7 type=additional;tr;;fmr1|Q6GLC9-2 type=additional;sp
Duplicate	mcmbp|A0A8J1JV18 type=additional;tr	mcmbp|A0A8J1JV18 type=additional;tr;;mcmbp|Q28DV7-2 type=additional;sp
#total seq: 37774
#total nr seq: 37651
#unique seq: 37528, redundant seq:123
